2025-11-28 01:01:18,847 - LiveService - INFO - Process started for monitor 0
2025-11-28 01:01:19,261 - LiveService - INFO - Capturing Monitor 1: {'left': 0, 'top': 0, 'width': 1920, 'height': 1080}
2025-11-28 01:01:19,715 - LiveService - INFO - Translation Service & DB Initialized
2025-11-28 01:02:41,899 - LiveService - INFO - Translated & Cached: x Copy Abilities x... -> Kebolehan Salinan...
2025-11-28 01:02:43,107 - LiveService - INFO - Translated & Cached: (142) YouTube... -> (142) YouTube...
2025-11-28 01:02:45,392 - LiveService - INFO - Translated & Cached: x to... -> x kepada...
2025-11-28 01:02:54,598 - LiveService - INFO - Translated & Cached: t... -> Sila terjemahkan tek...
2025-11-28 01:02:55,955 - LiveService - INFO - Translated & Cached: here search... -> Sila cari di sini...
2025-11-28 01:03:00,794 - LiveService - INFO - Translated & Cached: @ * webnovel.com/boo... -> @ * webnovel.com/boo...
2025-11-28 01:03:02,900 - LiveService - INFO - Translated & Cached: | @... -> Saya menyampaikan uc...
2025-11-28 01:03:04,066 - LiveService - INFO - Translated & Cached: Fitters CONTROL... -> Pengawal Kawalan...
2025-11-28 01:03:04,996 - LiveService - INFO - Translated & Cached: All Bookmarks... -> Semua Tanda Buku.20252025-11-28 01:03:05,977 - LiveService - INFO - Translated & Cached: ( / Chapter it... -> (/ Bab...
2025-11-28 01:032025-11-28 01:03:08,955 - LiveService - INFO - Translated & Cached: en APP / Apocalypse?... -> APLIKASI / Kiamat? B...202025-11-28 01:03:10,478 - LiveService - INFO - Translated & Cached: 1: PROLOGUE 0.85% Is... -> 1:2025-11-28 01:03:10,8592025-11-28 01:03:11,645 - LiveService - INFO - Translated & Cached: DOWNLOAD Abilities... -> MUAT2025-11-28 01:03:12,52025-11-28 01:03:13,300 - LiveService - INFO - Translated & Cached: at ironis. s2025-11-28 01:03:13,963 - LiveService - 2025-11-28 01:03:14,489 - LiveService - INFO - Translated & Cached: rusted someo2025-11-28 01:03:15,371 - LiveService - 2025-11-28 01:03:15,968 - LiveService - INFO - Translated & Cached: know th2025-11-28 01:03:17,156 - LiveService - INFO 2025-11-28 01:03:17,444 - LiveService - INFO - Translated & Cached: marah; 2025-11-28 01:03:18,734 - LiveService - INFO - Translated & Cached: banyak manusia... -> Ramai manusia...
2025-11-28 01:03:20,139 - LiveService - INFO - Translated & Cached: thought would ensure... -> fikir akan memastika...
2025-11-28 01:03:21,237 - LiveService - INFO - Translated & Cached: Juan; dia... -> Juan; hari...
2025-11-28 01:03:22,990 - LiveService - INFO - Translated & Cached: dia yang... -> beliau yang...
2025-11-28 01:03:24,200 - LiveService - INFO - Translated & Cached: dia...... -> dia......
2025-11-28 01:03:25,193 - LiveService - INFO - Translated & Cached: being,... -> keberadaan,...
2025-11-28 01:03:26,653 - LiveService - INFO - T2025-11-28 01:03:26,681 - LiveService - INFO - Translated & Cached: livi2025-11-28 01:03:28,092 - LiveService - INFO - T2025-11-28 01:03:30,421 - LiveService - INFO - Translated & Cached: @ Wrong Copy... -> Salinan yang Salah...
2025-11-28 01:03:31,503 - LiveService - INFO - Translated &2025-11-28 01:03:32,705 - LiveService - INFO - Tra2025-11-28 01:03:32,733 - LiveService - INFO - Translated &2025-11-28 01:03:34,158 - LiveService2025-11-28 01:03:34,267 - LiveService - INFO - Translated & Cached: Sungguh ironis.2025-11-28 01:03:35,534 - LiveService2025-11-28 01:03:36,220 - LiveService - INFO - Tra2025-11-28 01:03:36,722 - LiveService - INFO - Translated & Cached: is2025-11-28 01:03:32025-11-28 01:03:37,767 - LiveService - INFO - Translated & Cached: Bab... ->2025-11-282025-11-28 01:03:39,399 - LiveService - INFO - Translated & Cached: ‘dapat dapat... -> layak...
2025-11-2025-11-28 01:03:42,449 - LiveService - INFO - Translated & Cached: sungguh ia bagaikan ... -> Sesungguhnya dia seo...
2025-11-28 01:03:43,810 - LiveService - INFO - Translated & Cached: ini yang... -> Berikut adalah...
2025-11-28 01:03:45,048 - LiveService - INFO - Translated & Cached: orang yang... -> individu yang...
2025-11-28 01:03:46,246 - LiveService - INFO - Translated & Cached: d... -> d...
2025-11-28 01:03:47,308 - LiveService - INFO - Translated & Cached: licik.... -> Licik....
2025-11-28 01:03:48,647 - LiveService - INFO - Translated & Cached: Mengekalkan kehidupa... -> Mengekalkan kehidupa...
2025-11-28 01:03:51,927 - LiveService - INFO - Translated & Cached: Wrong... -> Salah...
2025-11-28 01:03:53,025 - LiveService - INFO - Translated & Cached: Game Bu... -> Permainan Bu...
2025-11-28 01:03:54,323 - LiveService - INFO - Translated & Cached: Happy End.... -> Akhir yang Bahagia....
2025-11-28 01:03:55,523 - LiveService - INFO - Translated & Cached: Taber. Freebies... -> Taber. Barangan perc...
2025-11-28 01:03:56,797 - LiveService - INFO - Translated & Cached: AllBookmarks Encik S... -> Semua Penanda Buku E...
2025-11-28 01:03:57,789 - LiveService - INFO - Translated & Cached: APP... -> APEC...
2025-11-28 01:03:59,056 - LiveService - INFO - Translated & Cached: and the results mama... -> dan hasilnya, puan...
2025-11-28 01:04:01,032 - LiveService - INFO - Translated & Cached: know that I'm weak. ... -> Saya sedar akan kele...
2025-11-28 01:04:02,550 - LiveService - INFO - Translated & Cached: ensure dia seolah-ol... -> pastikan dia seolah-...
2025-11-28 01:04:03,660 - LiveService - INFO - Translated & Cached: Kemarahan aku; semak... -> Kemarahan saya; sema...
2025-11-28 01:04:04,592 - LiveService - INFO - Translated & Cached: manusia itu... -> manusia itu...
2025-11-28 01:04:05,722 - LiveService - INFO - Translated & Cached: lenyap, lemah akan... -> hilang, lemah daya2025-2025-11-28 01:04:06,866 - LiveService - INFO - Translated & Cached: dan mengetahui yang... -> dan mengetahui bahaw...
